<?xml version="1.0" encoding="UTF-8"?>
<!-- Generated by org.testng.reporters.JUnitReportReporter -->
<testsuite hostname="IITC-WS-NB37" failures="0" tests="1" name="Academy.validateNavigationBar" time="0.045" errors="0" timestamp="2020-12-28T12:19:52 IST" skipped="0">
  <testcase classname="Academy.validateNavigationBar" name="validateAppNavBar" time="0.045"/>
  <system-out/>
</testsuite> <!-- Academy.validateNavigationBar -->
