<?xml version="1.0" encoding="UTF-8"?>
<!-- Generated by org.testng.reporters.JUnitReportReporter -->
<testsuite hostname="IITC-WS-NB37" failures="0" tests="2" name="Academy.HomePage" time="5.236" errors="0" timestamp="2020-12-28T12:19:52 IST" skipped="0">
  <testcase classname="Academy.HomePage" name="basePageNavigation" time="1.824"/>
  <system-out/>
  <testcase classname="Academy.HomePage" name="basePageNavigation" time="3.412"/>
  <system-out/>
</testsuite> <!-- Academy.HomePage -->
