<?xml version="1.0" encoding="UTF-8"?>
<!-- Generated by org.testng.reporters.JUnitReportReporter -->
<testsuite hostname="IITC-WS-NB37" failures="0" tests="2" name="com.squaretrade.tests.ApplevalidTest" time="116.953" errors="0" timestamp="2021-01-06T19:18:47 IST" skipped="0">
  <testcase classname="com.squaretrade.tests.ApplevalidTest" name="baseAppleCancelFlowTest" time="66.339"/>
  <system-out/>
  <testcase classname="com.squaretrade.tests.ApplevalidTest" name="baseApplevalidTest" time="50.614"/>
  <system-out/>
</testsuite> <!-- com.squaretrade.tests.ApplevalidTest -->
