<?xml version="1.0" encoding="UTF-8"?>
<!-- Generated by org.testng.reporters.JUnitReportReporter -->
<testsuite hostname="IITC-WS-NB37" failures="0" tests="1" name="Academy.validateNavigationBar" time="0.562" errors="0" timestamp="2020-12-18T16:45:10 IST" skipped="0">
  <testcase classname="Academy.validateNavigationBar" name="validateAppNavBar" time="0.562"/>
  <system-out/>
</testsuite> <!-- Academy.validateNavigationBar -->
