<?xml version="1.0" encoding="UTF-8"?>
<!-- Generated by org.testng.reporters.JUnitReportReporter -->
<testsuite hostname="IITC-WS-NB37" failures="0" tests="1" name="com.squaretrade.tests.AppleInvalidTest" time="68.867" errors="0" timestamp="2021-01-06T19:18:47 IST" skipped="0">
  <testcase classname="com.squaretrade.tests.AppleInvalidTest" name="baseAppleInvalidTest" time="68.867"/>
  <system-out/>
</testsuite> <!-- com.squaretrade.tests.AppleInvalidTest -->
