<?xml version="1.0" encoding="UTF-8"?>
<!-- Generated by org.testng.reporters.JUnitReportReporter -->
<testsuite hostname="IITC-WS-NB37" failures="0" tests="3" name="com.squaretrade.tests.ValidateHeaderandFooter" time="8.452" errors="0" timestamp="2021-01-06T19:18:47 IST" skipped="0">
  <testcase classname="com.squaretrade.tests.ValidateHeaderandFooter" name="validateAppTitle" time="0.710"/>
  <system-out/>
  <testcase classname="com.squaretrade.tests.ValidateHeaderandFooter" name="URLCheckTest" time="7.686"/>
  <system-out/>
  <testcase classname="com.squaretrade.tests.ValidateHeaderandFooter" name="validatefooter" time="0.056"/>
  <system-out/>
</testsuite> <!-- com.squaretrade.tests.ValidateHeaderandFooter -->
