<?xml version="1.0" encoding="UTF-8"?>
<!-- Generated by org.testng.reporters.JUnitReportReporter -->
<testsuite hostname="IITC-WS-NB37" failures="0" tests="1" name="Academy.SigninTests" time="67.739" errors="0" timestamp="2020-12-30T15:19:55 IST" skipped="0">
  <testcase classname="Academy.SigninTests" name="basePageNavigation" time="67.739"/>
  <system-out/>
</testsuite> <!-- Academy.SigninTests -->
