<?xml version="1.0" encoding="UTF-8"?>
<!-- Generated by org.testng.reporters.JUnitReportReporter -->
<testsuite hostname="IITC-WS-NB37" failures="0" tests="2" name="Academy.HomePage" time="10.201" errors="0" timestamp="2020-12-18T16:45:10 IST" skipped="0">
  <testcase classname="Academy.HomePage" name="basePageNavigation" time="6.095"/>
  <system-out/>
  <testcase classname="Academy.HomePage" name="basePageNavigation" time="4.106"/>
  <system-out/>
</testsuite> <!-- Academy.HomePage -->
