<?xml version="1.0" encoding="UTF-8"?>
<!-- Generated by org.testng.reporters.JUnitReportReporter -->
<testsuite hostname="IITC-WS-NB37" failures="0" tests="2" name="Academy.HomePage" time="8.694" errors="0" timestamp="18 Dec 2020 11:51:10 GMT">
  <testcase classname="Academy.HomePage" name="basePageNavigation" time="5.231"/>
  <testcase classname="Academy.HomePage" name="basePageNavigation" time="3.463"/>
</testsuite> <!-- Academy.HomePage -->
