<?xml version="1.0" encoding="UTF-8"?>
<!-- Generated by org.testng.reporters.JUnitReportReporter -->
<testsuite hostname="IITC-WS-NB37" failures="0" tests="1" name="com.squaretrade.tests.SigninTests" time="41.187" errors="0" timestamp="3 Jan 2021 03:56:37 GMT">
  <testcase classname="com.squaretrade.tests.SigninTests" name="baseGoogleValidTest" time="41.187"/>
</testsuite> <!-- com.squaretrade.tests.SigninTests -->
