<?xml version="1.0" encoding="UTF-8"?>
<!-- Generated by org.testng.reporters.JUnitReportReporter -->
<testsuite hostname="IITC-WS-NB37" failures="0" tests="2" name="Academy.HomePage" time="11.893" errors="0" timestamp="24 Dec 2020 05:51:03 GMT">
  <testcase classname="Academy.HomePage" name="basePageNavigation" time="4.374"/>
  <testcase classname="Academy.HomePage" name="basePageNavigation" time="7.519"/>
</testsuite> <!-- Academy.HomePage -->
