<?xml version="1.0" encoding="UTF-8"?>
<!-- Generated by org.testng.reporters.JUnitReportReporter -->
<testsuite hostname="IITC-WS-NB37" failures="0" tests="1" name="Academy.validateNavigationBar" time="0.176" errors="0" timestamp="24 Dec 2020 05:51:03 GMT">
  <testcase classname="Academy.validateNavigationBar" name="validateAppNavBar" time="0.176"/>
</testsuite> <!-- Academy.validateNavigationBar -->
