<?xml version="1.0" encoding="UTF-8"?>
<!-- Generated by org.testng.reporters.JUnitReportReporter -->
<testsuite hostname="IITC-WS-NB37" failures="0" tests="1" name="Academy.validateNavigationBar" time="0.096" errors="0" timestamp="18 Dec 2020 11:51:10 GMT">
  <testcase classname="Academy.validateNavigationBar" name="validateAppNavBar" time="0.096"/>
</testsuite> <!-- Academy.validateNavigationBar -->
